[LOG] System::create                           : Header version = 2.01.09. Current version = 2.01.09.
[LOG] Manager::init                            : maxchannels = 256 studioflags = 00000006 flags 00000000 extradriverdata 0000000000000000.
[LOG] SystemI::init                            : Initialize version=20109 (115889), maxchannels=256, flags=0x00020000
[LOG] SystemI::setOutputInternal               : Setting output to 'FMOD WASAPI Output'
[LOG] OutputWASAPI::init                       : Mix Format (WAVEFORMATEX): wFormatTag=0xFFFE, nChannels=2, nSamplesPerSec=48000, nAvgBytesPerSec=384000, nBlockAlign=8, wBitsPerSample=32, cbSize=22.
[LOG] OutputWASAPI::init                       : Mix Format (WAVEFORMATEXTENSIBLE): wValidBitsPerSample=32, dwChannelMask=0x00000003, SubFormat=00000003-0000-0010-8000-00AA00389B71.
[LOG] OutputWASAPI::init                       : Output buffer size: 4096 samples, latency: 0.00ms, period: 10.00ms, DSP buffer: 1024 * 4
[LOG] Thread::initThread                       : Init FMOD stream thread. Affinity: 0x8000000000000003, Priority: 0xFFFF7FFB, Stack Size: 98304, Semaphore: No, Sleep Time: 10, Looping: Yes.
[LOG] Thread::initThread                       : Init FMOD mixer thread. Affinity: 0x8000000000000001, Priority: 0xFFFF7FFA, Stack Size: 81920, Semaphore: No, Sleep Time: 0, Looping: Yes.
[LOG] AsyncManager::init                       : manager 0000020DE5D9C618 isAsync 0 updatePeriod 0.02
[LOG] AsyncManager::init                       : done
[LOG] PlaybackSystem::init                     : 
[LOG] Thread::initThread                       : Init FMOD Studio sample load thread. Affinity: 0x8000000000000003, Priority: 0xFFFF7FFD, Stack Size: 98304, Semaphore: No, Sleep Time: 1, Looping: No.
[LOG] PlaybackSystem::init                     : done
[LOG] Thread::initThread                       : Init FMOD Studio bank load thread. Affinity: 0x8000000000000003, Priority: 0xFFFF7FFD, Stack Size: 98304, Semaphore: No, Sleep Time: 1, Looping: No.
[LOG] Manager::init                            : done.
[LOG] Manager::readBank                        : fileversion = 135, compatVersion = 132 (oldest = 44, newest = 135)
[LOG] Manager::readBank                        : fileversion = 135, compatVersion = 132 (oldest = 44, newest = 135)
[LOG] SystemI::createSoundInternal             : Create name='', mode=0x02000202
[LOG] SystemI::createSoundInternal             : exinfo->cbsize             = 224
[LOG] SystemI::createSoundInternal             : exinfo->length             = 4313280
[LOG] SystemI::createSoundInternal             : exinfo->fileoffset         = 19424
[LOG] SystemI::createSoundInternal             : exinfo->numsubsounds       = 1
[LOG] SystemI::createSoundInternal             : exinfo->inclusionlist      = 00000010179FF258
[LOG] SystemI::createSoundInternal             : exinfo->inclusionlistnum   = 1
[LOG] SystemI::createSoundInternal             : exinfo->suggestedsoundtype = 5
[LOG] SystemI::createSoundInternal             : exinfo->useropen           = 00007FFE97607D70
[LOG] SystemI::createSoundInternal             : exinfo->userclose          = 00007FFE97607D40
[LOG] SystemI::createSoundInternal             : exinfo->userread           = 00007FFE97607E40
[LOG] SystemI::createSoundInternal             : exinfo->userseek           = 00007FFE97607F00
[LOG] SystemI::createSoundInternal             : exinfo->fileuserdata       = 0000020BF1215278
[LOG] SystemI::createSoundInternal             : exinfo->initialseekpostype = 1
[LOG] SystemI::DSPCodecPoolRegister            : register codec pool for pool type 5
[LOG] SystemI::createSoundInternal             : Sample 0/1: name='Footstep 5', format=5, channels=2, frequency=48000, lengthbytes=5024, lengthpcm=24000, pcmblocksize=0, loopstart=0, loopend=0, mode=0x00000000, channelmask=0x00000000, channelorder=0, peakvolume=0.035767.
[LOG] SystemI::createSoundInternal             : Create name='', mode=0x02000202
[LOG] SystemI::createSoundInternal             : exinfo->cbsize             = 224
[LOG] SystemI::createSoundInternal             : exinfo->length             = 4313280
[LOG] SystemI::createSoundInternal             : exinfo->fileoffset         = 19424
[LOG] SystemI::createSoundInternal             : exinfo->numsubsounds       = 1
[LOG] SystemI::createSoundInternal             : exinfo->inclusionlist      = 00000010179FF258
[LOG] SystemI::createSoundInternal             : exinfo->inclusionlistnum   = 1
[LOG] SystemI::createSoundInternal             : exinfo->suggestedsoundtype = 5
[LOG] SystemI::createSoundInternal             : exinfo->useropen           = 00007FFE97607D70
[LOG] SystemI::createSoundInternal             : exinfo->userclose          = 00007FFE97607D40
[LOG] SystemI::createSoundInternal             : exinfo->userread           = 00007FFE97607E40
[LOG] SystemI::createSoundInternal             : exinfo->userseek           = 00007FFE97607F00
[LOG] SystemI::createSoundInternal             : exinfo->fileuserdata       = 0000020BF1215278
[LOG] SystemI::createSoundInternal             : exinfo->initialseekpostype = 1
[LOG] SystemI::DSPCodecPoolRegister            : register codec pool for pool type 5
[LOG] SystemI::createSoundInternal             : Sample 0/1: name='Footstep 3', format=5, channels=2, frequency=48000, lengthbytes=5120, lengthpcm=24000, pcmblocksize=0, loopstart=0, loopend=0, mode=0x00000000, channelmask=0x00000000, channelorder=0, peakvolume=0.064941.
[LOG] SystemI::createSoundInternal             : Create name='', mode=0x02000202
[LOG] SystemI::createSoundInternal             : exinfo->cbsize             = 224
[LOG] SystemI::createSoundInternal             : exinfo->length             = 4313280
[LOG] SystemI::createSoundInternal             : exinfo->fileoffset         = 19424
[LOG] SystemI::createSoundInternal             : exinfo->numsubsounds       = 1
[LOG] SystemI::createSoundInternal             : exinfo->inclusionlist      = 00000010179FF258
[LOG] SystemI::createSoundInternal             : exinfo->inclusionlistnum   = 1
[LOG] SystemI::createSoundInternal             : exinfo->suggestedsoundtype = 5
[LOG] SystemI::createSoundInternal             : exinfo->useropen           = 00007FFE97607D70
[LOG] SystemI::createSoundInternal             : exinfo->userclose          = 00007FFE97607D40
[LOG] SystemI::createSoundInternal             : exinfo->userread           = 00007FFE97607E40
[LOG] SystemI::createSoundInternal             : exinfo->userseek           = 00007FFE97607F00
[LOG] SystemI::createSoundInternal             : exinfo->fileuserdata       = 0000020BF1215278
[LOG] SystemI::createSoundInternal             : exinfo->initialseekpostype = 1
[LOG] SystemI::DSPCodecPoolRegister            : register codec pool for pool type 5
[LOG] SystemI::createSoundInternal             : Sample 0/1: name='Footstep 2', format=5, channels=2, frequency=48000, lengthbytes=36640, lengthpcm=180000, pcmblocksize=0, loopstart=0, loopend=0, mode=0x00000000, channelmask=0x00000000, channelorder=0, peakvolume=0.100586.
[LOG] SystemI::createSoundInternal             : Create name='', mode=0x02000202
[LOG] SystemI::createSoundInternal             : exinfo->cbsize             = 224
[LOG] SystemI::createSoundInternal             : exinfo->length             = 4313280
[LOG] SystemI::createSoundInternal             : exinfo->fileoffset         = 19424
[LOG] SystemI::createSoundInternal             : exinfo->numsubsounds       = 1
[LOG] SystemI::createSoundInternal             : exinfo->inclusionlist      = 00000010179FF258
[LOG] SystemI::createSoundInternal             : exinfo->inclusionlistnum   = 1
[LOG] SystemI::createSoundInternal             : exinfo->suggestedsoundtype = 5
[LOG] SystemI::createSoundInternal             : exinfo->useropen           = 00007FFE97607D70
[LOG] SystemI::createSoundInternal             : exinfo->userclose          = 00007FFE97607D40
[LOG] SystemI::createSoundInternal             : exinfo->userread           = 00007FFE97607E40
[LOG] SystemI::createSoundInternal             : exinfo->userseek           = 00007FFE97607F00
[LOG] SystemI::createSoundInternal             : exinfo->fileuserdata       = 0000020BF1215278
[LOG] SystemI::createSoundInternal             : exinfo->initialseekpostype = 1
[LOG] SystemI::DSPCodecPoolRegister            : register codec pool for pool type 5
[LOG] SystemI::createSoundInternal             : Sample 0/1: name='Footstep 4', format=5, channels=2, frequency=48000, lengthbytes=2624, lengthpcm=12000, pcmblocksize=0, loopstart=0, loopend=0, mode=0x00000000, channelmask=0x00000000, channelorder=0, peakvolume=0.046631.
[LOG] SystemI::createSoundInternal             : Create name='', mode=0x02000202
[LOG] SystemI::createSoundInternal             : exinfo->cbsize             = 224
[LOG] SystemI::createSoundInternal             : exinfo->length             = 4313280
[LOG] SystemI::createSoundInternal             : exinfo->fileoffset         = 19424
[LOG] SystemI::createSoundInternal             : exinfo->numsubsounds       = 1
[LOG] SystemI::createSoundInternal             : exinfo->inclusionlist      = 00000010179FF258
[LOG] SystemI::createSoundInternal             : exinfo->inclusionlistnum   = 1
[LOG] SystemI::createSoundInternal             : exinfo->suggestedsoundtype = 5
[LOG] SystemI::createSoundInternal             : exinfo->useropen           = 00007FFE97607D70
[LOG] SystemI::createSoundInternal             : exinfo->userclose          = 00007FFE97607D40
[LOG] SystemI::createSoundInternal             : exinfo->userread           = 00007FFE97607E40
[LOG] SystemI::createSoundInternal             : exinfo->userseek           = 00007FFE97607F00
[LOG] SystemI::createSoundInternal             : exinfo->fileuserdata       = 0000020BF1215278
[LOG] SystemI::createSoundInternal             : exinfo->initialseekpostype = 1
[LOG] SystemI::DSPCodecPoolRegister            : register codec pool for pool type 5
[LOG] SystemI::createSoundInternal             : Sample 0/1: name='Footstep 1', format=5, channels=2, frequency=48000, lengthbytes=36768, lengthpcm=180000, pcmblocksize=0, loopstart=0, loopend=0, mode=0x00000000, channelmask=0x00000000, channelorder=0, peakvolume=0.067200.
[LOG] SoundI::release                          : Hamster sounds (0000020BE6D21588)
[LOG] SoundI::release                          :     Hamster sounds (0000020D8032FE38)
[LOG] SoundI::release                          :     Hamster sounds (0000020E0D3ECD28)
[LOG] SoundI::release                          : Lobby Time (0000020BE6D213D8)
[LOG] SoundI::release                          :     Lobby Time (0000020D8032EAB8)
[LOG] SoundI::release                          :     Lobby Time (0000020E0D3EFFC8)
[LOG] SoundI::release                          : Aquarium water (0000020E73577238)
[LOG] SoundI::release                          :     Aquarium water (0000020D8032DA78)
[LOG] SoundI::release                          :     Aquarium water (0000020E0D3EFE18)
[LOG] SoundI::release                          :  (0000020D8285C628)
[LOG] SoundI::release                          :     Footstep 1 (0000020E98E0EE08)
[LOG] SoundI::release                          :  (0000020D8285ECF8)
[LOG] SoundI::release                          :     Footstep 2 (0000020E98E0FCA8)
[LOG] SoundI::release                          :  (0000020D8285DE98)
[LOG] SoundI::release                          :     Footstep 3 (0000020E98E12888)
[LOG] SoundI::release                          :  (0000020D82860F78)
[LOG] SoundI::release                          :     Footstep 4 (0000020E98E0F2E8)
[LOG] SoundI::release                          :  (0000020D82860568)
[LOG] SoundI::release                          :     Footstep 5 (0000020E0D97CAD8)
[LOG] Thread::callback                         : FMOD Studio update thread finished.
[LOG] Thread::callback                         : FMOD Studio bank load thread finished.
[LOG] Profile::disconnectAll                   : Profiler disconnecting all clients
[LOG] Thread::callback                         : FMOD Studio sample load thread finished.
[LOG] LiveUpdate::release                      : 
[LOG] LiveUpdate::reset                        : Reset connection (reason Disconnected)
[LOG] Thread::callback                         : FMOD stream thread finished.
[LOG] Thread::callback                         : FMOD mixer thread finished.
[LOG] Profile::disconnectAll                   : Profiler disconnecting all clients
[LOG] SystemI::close                           : Closed.
